<?xml version="1.0" encoding="UTF-8"?>
<testsuites tests="8" failures="0" disabled="0" errors="0" timestamp="2016-12-04T16:51:57" time="121.888" name="AllTests">
  <testsuite name="LinearSolver" tests="1" failures="0" disabled="0" errors="0" time="0.105">
    <testcase name="HandlesLinearSolver" status="run" time="0.104" classname="LinearSolver" />
  </testsuite>
  <testsuite name="FEValues" tests="1" failures="0" disabled="0" errors="0" time="0.02">
    <testcase name="HandlesFEValues" status="run" time="0.02" classname="FEValues" />
  </testsuite>
  <testsuite name="DofIndex" tests="1" failures="0" disabled="0" errors="0" time="0.001">
    <testcase name="HandlesDofIndex" status="run" time="0.001" classname="DofIndex" />
  </testsuite>
  <testsuite name="MassMatrix" tests="1" failures="0" disabled="0" errors="0" time="0.001">
    <testcase name="HandlesMassMatrix" status="run" time="0.001" classname="MassMatrix" />
  </testsuite>
  <testsuite name="FasterAssemblation" tests="1" failures="0" disabled="0" errors="0" time="0.002">
    <testcase name="TestFasterAssemblation" status="run" time="0.002" classname="FasterAssemblation" />
  </testsuite>
  <testsuite name="ExactSolutionPoissonHeatG84" tests="1" failures="0" disabled="0" errors="0" time="0.016">
    <testcase name="HandlesExactSolutionG84" status="run" time="0.016" classname="ExactSolutionPoissonHeatG84" />
  </testsuite>
  <testsuite name="ChecksPeriodicGrid" tests="1" failures="0" disabled="0" errors="0" time="0.034">
    <testcase name="HandlesPeridicGrid" status="run" time="0.034" classname="ChecksPeriodicGrid" />
  </testsuite>
  <testsuite name="PoissonHeatG84" tests="1" failures="0" disabled="0" errors="0" time="121.709">
    <testcase name="HandlesPoissonHeatG84" status="run" time="121.709" classname="PoissonHeatG84" />
  </testsuite>
</testsuites>
