<?xml version="1.0" encoding="UTF-8"?>
<testsuites tests="8" failures="0" disabled="0" errors="0" timestamp="2016-12-04T16:55:06" time="172.488" name="AllTests">
  <testsuite name="LinearSolver" tests="1" failures="0" disabled="0" errors="0" time="0.213">
    <testcase name="HandlesLinearSolver" status="run" time="0.213" classname="LinearSolver" />
  </testsuite>
  <testsuite name="FEValues" tests="1" failures="0" disabled="0" errors="0" time="0.016">
    <testcase name="HandlesFEValues" status="run" time="0.016" classname="FEValues" />
  </testsuite>
  <testsuite name="DofIndex" tests="1" failures="0" disabled="0" errors="0" time="0">
    <testcase name="HandlesDofIndex" status="run" time="0" classname="DofIndex" />
  </testsuite>
  <testsuite name="MassMatrix" tests="1" failures="0" disabled="0" errors="0" time="0.001">
    <testcase name="HandlesMassMatrix" status="run" time="0.001" classname="MassMatrix" />
  </testsuite>
  <testsuite name="FasterAssemblation" tests="1" failures="0" disabled="0" errors="0" time="0.002">
    <testcase name="TestFasterAssemblation" status="run" time="0.002" classname="FasterAssemblation" />
  </testsuite>
  <testsuite name="ExactSolutionPoissonHeatG105" tests="1" failures="0" disabled="0" errors="0" time="0.024">
    <testcase name="HandlesExactSolutionG105" status="run" time="0.024" classname="ExactSolutionPoissonHeatG105" />
  </testsuite>
  <testsuite name="ChecksPeriodicGrid" tests="1" failures="0" disabled="0" errors="0" time="0.036">
    <testcase name="HandlesPeridicGrid" status="run" time="0.036" classname="ChecksPeriodicGrid" />
  </testsuite>
  <testsuite name="PoissonHeatG105" tests="1" failures="0" disabled="0" errors="0" time="172.195">
    <testcase name="HandlesPoissonHeatG105" status="run" time="172.195" classname="PoissonHeatG105" />
  </testsuite>
</testsuites>
