<?xml version="1.0" encoding="UTF-8"?>
<testsuites tests="9" failures="0" disabled="0" errors="0" timestamp="2016-12-04T16:35:13" time="20.398" name="AllTests">
  <testsuite name="LinearSolver" tests="1" failures="0" disabled="0" errors="0" time="0.181">
    <testcase name="HandlesLinearSolver" status="run" time="0.18" classname="LinearSolver" />
  </testsuite>
  <testsuite name="FEValues" tests="1" failures="0" disabled="0" errors="0" time="0.032">
    <testcase name="HandlesFEValues" status="run" time="0.032" classname="FEValues" />
  </testsuite>
  <testsuite name="DofIndex" tests="1" failures="0" disabled="0" errors="0" time="0.001">
    <testcase name="HandlesDofIndex" status="run" time="0.001" classname="DofIndex" />
  </testsuite>
  <testsuite name="MassMatrix" tests="1" failures="0" disabled="0" errors="0" time="0.001">
    <testcase name="HandlesMassMatrix" status="run" time="0.001" classname="MassMatrix" />
  </testsuite>
  <testsuite name="FasterAssemblation" tests="1" failures="0" disabled="0" errors="0" time="0.002">
    <testcase name="TestFasterAssemblation" status="run" time="0.002" classname="FasterAssemblation" />
  </testsuite>
  <testsuite name="ExactSolutionPoissonHeatG45" tests="1" failures="0" disabled="0" errors="0" time="0.01">
    <testcase name="HandlesExactSolutionG45" status="run" time="0.01" classname="ExactSolutionPoissonHeatG45" />
  </testsuite>
  <testsuite name="ChecksPeriodicGrid" tests="1" failures="0" disabled="0" errors="0" time="0.044">
    <testcase name="HandlesPeridicGrid" status="run" time="0.044" classname="ChecksPeriodicGrid" />
  </testsuite>
  <testsuite name="GridRefinementPeriodicSquare" tests="1" failures="0" disabled="0" errors="0" time="0.008">
    <testcase name="HandlesRefinement" status="run" time="0.008" classname="GridRefinementPeriodicSquare" />
  </testsuite>
  <testsuite name="PoissonHeatG45" tests="1" failures="0" disabled="0" errors="0" time="20.118">
    <testcase name="HandlesPoissonHeatG45" status="run" time="20.117" classname="PoissonHeatG45" />
  </testsuite>
</testsuites>
