<?xml version="1.0" encoding="UTF-8"?>
<testsuites tests="9" failures="0" disabled="0" errors="0" timestamp="2016-12-04T16:35:34" time="20.814" name="AllTests">
  <testsuite name="LinearSolver" tests="1" failures="0" disabled="0" errors="0" time="0.091">
    <testcase name="HandlesLinearSolver" status="run" time="0.091" classname="LinearSolver" />
  </testsuite>
  <testsuite name="FEValues" tests="1" failures="0" disabled="0" errors="0" time="0.019">
    <testcase name="HandlesFEValues" status="run" time="0.019" classname="FEValues" />
  </testsuite>
  <testsuite name="DofIndex" tests="1" failures="0" disabled="0" errors="0" time="0.001">
    <testcase name="HandlesDofIndex" status="run" time="0.001" classname="DofIndex" />
  </testsuite>
  <testsuite name="MassMatrix" tests="1" failures="0" disabled="0" errors="0" time="0.001">
    <testcase name="HandlesMassMatrix" status="run" time="0.001" classname="MassMatrix" />
  </testsuite>
  <testsuite name="FasterAssemblation" tests="1" failures="0" disabled="0" errors="0" time="0.006">
    <testcase name="TestFasterAssemblation" status="run" time="0.006" classname="FasterAssemblation" />
  </testsuite>
  <testsuite name="ExactSolutionPoissonHeatG45" tests="1" failures="0" disabled="0" errors="0" time="0.012">
    <testcase name="HandlesExactSolutionG45" status="run" time="0.012" classname="ExactSolutionPoissonHeatG45" />
  </testsuite>
  <testsuite name="ChecksPeriodicGrid" tests="1" failures="0" disabled="0" errors="0" time="0.042">
    <testcase name="HandlesPeridicGrid" status="run" time="0.042" classname="ChecksPeriodicGrid" />
  </testsuite>
  <testsuite name="GridRefinementPeriodicSquare" tests="1" failures="0" disabled="0" errors="0" time="0.011">
    <testcase name="HandlesRefinement" status="run" time="0.011" classname="GridRefinementPeriodicSquare" />
  </testsuite>
  <testsuite name="PoissonHeatG45" tests="1" failures="0" disabled="0" errors="0" time="20.631">
    <testcase name="HandlesPoissonHeatG45" status="run" time="20.631" classname="PoissonHeatG45" />
  </testsuite>
</testsuites>
