<?xml version="1.0" encoding="UTF-8"?>
<testsuites tests="9" failures="0" disabled="0" errors="0" timestamp="2016-12-04T16:30:00" time="6.383" name="AllTests">
  <testsuite name="LinearSolver" tests="1" failures="0" disabled="0" errors="0" time="0.089">
    <testcase name="HandlesLinearSolver" status="run" time="0.089" classname="LinearSolver" />
  </testsuite>
  <testsuite name="FEValues" tests="1" failures="0" disabled="0" errors="0" time="0.02">
    <testcase name="HandlesFEValues" status="run" time="0.02" classname="FEValues" />
  </testsuite>
  <testsuite name="DofIndex" tests="1" failures="0" disabled="0" errors="0" time="0.001">
    <testcase name="HandlesDofIndex" status="run" time="0" classname="DofIndex" />
  </testsuite>
  <testsuite name="MassMatrix" tests="1" failures="0" disabled="0" errors="0" time="0">
    <testcase name="HandlesMassMatrix" status="run" time="0" classname="MassMatrix" />
  </testsuite>
  <testsuite name="FasterAssemblation" tests="1" failures="0" disabled="0" errors="0" time="0.003">
    <testcase name="TestFasterAssemblation" status="run" time="0.003" classname="FasterAssemblation" />
  </testsuite>
  <testsuite name="ExactSolutionPoissonHeatG26" tests="1" failures="0" disabled="0" errors="0" time="0.019">
    <testcase name="HandlesExactSolutionG26" status="run" time="0.019" classname="ExactSolutionPoissonHeatG26" />
  </testsuite>
  <testsuite name="ChecksPeriodicGrid" tests="1" failures="0" disabled="0" errors="0" time="0.04">
    <testcase name="HandlesPeridicGrid" status="run" time="0.04" classname="ChecksPeriodicGrid" />
  </testsuite>
  <testsuite name="GridRefinementPeriodicSquare" tests="1" failures="0" disabled="0" errors="0" time="0.054">
    <testcase name="HandlesRefinement" status="run" time="0.054" classname="GridRefinementPeriodicSquare" />
  </testsuite>
  <testsuite name="PoissonHeatG20" tests="1" failures="0" disabled="0" errors="0" time="6.157">
    <testcase name="HandlesPoissonHeatG20" status="run" time="6.157" classname="PoissonHeatG20" />
  </testsuite>
</testsuites>
