<?xml version="1.0" encoding="UTF-8"?>
<testsuites tests="3" failures="0" disabled="0" errors="0" timestamp="2017-01-08T14:53:18" time="2.443" name="AllTests">
  <testsuite name="LinearSolver" tests="1" failures="0" disabled="0" errors="0" time="0.476">
    <testcase name="HandlesLinearSolver" status="run" time="0.476" classname="LinearSolver" />
  </testsuite>
  <testsuite name="ResidualComputation" tests="1" failures="0" disabled="0" errors="0" time="0">
    <testcase name="HandlesResidualComputation" status="run" time="0" classname="ResidualComputation" />
  </testsuite>
  <testsuite name="SquareCavityG35" tests="1" failures="0" disabled="0" errors="0" time="1.966">
    <testcase name="SquareCavityG35" status="run" time="1.966" classname="SquareCavityG35" />
  </testsuite>
</testsuites>
