<?xml version="1.0" encoding="UTF-8"?>
<testsuites tests="6" failures="0" disabled="0" errors="0" timestamp="2016-12-06T15:55:59" time="353.813" name="AllTests">
  <testsuite name="LinearSolver" tests="1" failures="0" disabled="0" errors="0" time="0.075">
    <testcase name="HandlesLinearSolver" status="run" time="0.075" classname="LinearSolver" />
  </testsuite>
  <testsuite name="FEValues" tests="1" failures="0" disabled="0" errors="0" time="0.009">
    <testcase name="HandlesFEValues" status="run" time="0.009" classname="FEValues" />
  </testsuite>
  <testsuite name="DofIndex" tests="1" failures="0" disabled="0" errors="0" time="0">
    <testcase name="HandlesDofIndex" status="run" time="0" classname="DofIndex" />
  </testsuite>
  <testsuite name="MassMatrix" tests="1" failures="0" disabled="0" errors="0" time="0.001">
    <testcase name="HandlesMassMatrix" status="run" time="0.001" classname="MassMatrix" />
  </testsuite>
  <testsuite name="FasterAssemblation" tests="1" failures="0" disabled="0" errors="0" time="0.003">
    <testcase name="TestFasterAssemblation" status="run" time="0.003" classname="FasterAssemblation" />
  </testsuite>
  <testsuite name="SquareCavityG35" tests="1" failures="0" disabled="0" errors="0" time="353.725">
    <testcase name="SquareCavityG35" status="run" time="353.725" classname="SquareCavityG35" />
  </testsuite>
</testsuites>
