<?xml version="1.0" encoding="UTF-8"?>
<testsuites tests="7" failures="0" disabled="0" errors="0" timestamp="2016-11-14T11:11:18" time="288.936" name="AllTests">
  <testsuite name="ExactSolutionPoissonHeatG105" tests="1" failures="0" disabled="0" errors="0" time="3.485">
    <testcase name="HandlesExactSolutionG105" status="run" time="3.485" classname="ExactSolutionPoissonHeatG105" />
  </testsuite>
  <testsuite name="ChecksPeriodicGrid" tests="1" failures="0" disabled="0" errors="0" time="3.527">
    <testcase name="HandlesPeridicGrid" status="run" time="3.527" classname="ChecksPeriodicGrid" />
  </testsuite>
  <testsuite name="PoissonHeatG105" tests="1" failures="0" disabled="0" errors="0" time="281.91">
    <testcase name="HandlesPoissonHeatG105" status="run" time="281.91" classname="PoissonHeatG105" />
  </testsuite>
  <testsuite name="ProjectorData" tests="1" failures="0" disabled="0" errors="0" time="0.004">
    <testcase name="HandlesProjectorData" status="run" time="0.004" classname="ProjectorData" />
  </testsuite>
  <testsuite name="InvProjectorData" tests="1" failures="0" disabled="0" errors="0" time="0.003">
    <testcase name="HandlesInvProjectorData" status="run" time="0.003" classname="InvProjectorData" />
  </testsuite>
  <testsuite name="ProjectorDataIntoInvProjectorData" tests="1" failures="0" disabled="0" errors="0" time="0.006">
    <testcase name="HandlesInvertibilityOfProjector" status="run" time="0.006" classname="ProjectorDataIntoInvProjectorData" />
  </testsuite>
  <testsuite name="SymmetrizerDataIntoInvSymmetrizerData" tests="1" failures="0" disabled="0" errors="0" time="0.001">
    <testcase name="HandlesInvertibilityOfSymmetrizer" status="run" time="0.001" classname="SymmetrizerDataIntoInvSymmetrizerData" />
  </testsuite>
</testsuites>
