<?xml version="1.0" encoding="UTF-8"?>
<testsuites tests="4" failures="0" disabled="0" errors="0" timestamp="2016-11-08T23:32:59" time="12.966" name="AllTests">
  <testsuite name="ExactSolutionPoissonHeatG26" tests="1" failures="0" disabled="0" errors="0" time="0.055">
    <testcase name="HandlesExactSolutionG26" status="run" time="0.055" classname="ExactSolutionPoissonHeatG26" />
  </testsuite>
  <testsuite name="ChecksPeriodicGrid" tests="1" failures="0" disabled="0" errors="0" time="0.058">
    <testcase name="HandlesPeridicGrid" status="run" time="0.058" classname="ChecksPeriodicGrid" />
  </testsuite>
  <testsuite name="GridRefinementPeriodicSquare" tests="1" failures="0" disabled="0" errors="0" time="0.064">
    <testcase name="HandlesRefinement" status="run" time="0.064" classname="GridRefinementPeriodicSquare" />
  </testsuite>
  <testsuite name="PoissonHeatG20" tests="1" failures="0" disabled="0" errors="0" time="12.789">
    <testcase name="HandlesPoissonHeatG20" status="run" time="12.789" classname="PoissonHeatG20" />
  </testsuite>
</testsuites>
