<?xml version="1.0" encoding="UTF-8"?>
<testsuites tests="8" failures="0" disabled="0" errors="0" timestamp="2016-11-29T17:38:56" time="18.83" name="AllTests">
  <testsuite name="LinearSolver" tests="1" failures="0" disabled="0" errors="0" time="0.053">
    <testcase name="HandlesLinearSolver" status="run" time="0.053" classname="LinearSolver" />
  </testsuite>
  <testsuite name="FEValues" tests="1" failures="0" disabled="0" errors="0" time="0.024">
    <testcase name="HandlesFEValues" status="run" time="0.024" classname="FEValues" />
  </testsuite>
  <testsuite name="DofIndex" tests="1" failures="0" disabled="0" errors="0" time="0.002">
    <testcase name="HandlesDofIndex" status="run" time="0.002" classname="DofIndex" />
  </testsuite>
  <testsuite name="MassMatrix" tests="1" failures="0" disabled="0" errors="0" time="0.029">
    <testcase name="HandlesMassMatrix" status="run" time="0.029" classname="MassMatrix" />
  </testsuite>
  <testsuite name="FasterAssemblation" tests="1" failures="0" disabled="0" errors="0" time="0.062">
    <testcase name="TestFasterAssemblation" status="run" time="0.062" classname="FasterAssemblation" />
  </testsuite>
  <testsuite name="ChecksPeriodicGrid" tests="1" failures="0" disabled="0" errors="0" time="0.082">
    <testcase name="HandlesPeridicGrid" status="run" time="0.082" classname="ChecksPeriodicGrid" />
  </testsuite>
  <testsuite name="GridRefinementPeriodicSquare" tests="1" failures="0" disabled="0" errors="0" time="0.093">
    <testcase name="HandlesRefinement" status="run" time="0.093" classname="GridRefinementPeriodicSquare" />
  </testsuite>
  <testsuite name="PoissonHeatG20" tests="1" failures="0" disabled="0" errors="0" time="18.485">
    <testcase name="HandlesPoissonHeatG20" status="run" time="18.485" classname="PoissonHeatG20" />
  </testsuite>
</testsuites>
