<?xml version="1.0" encoding="UTF-8"?>
<testsuites tests="3" failures="0" disabled="0" errors="0" timestamp="2016-11-25T12:35:44" time="13.626" name="AllTests">
  <testsuite name="LinearSolver" tests="1" failures="0" disabled="0" errors="0" time="0.258">
    <testcase name="HandlesLinearSolver" status="run" time="0.258" classname="LinearSolver" />
  </testsuite>
  <testsuite name="GridRefinementPeriodicSquare" tests="1" failures="0" disabled="0" errors="0" time="0.023">
    <testcase name="HandlesRefinement" status="run" time="0.023" classname="GridRefinementPeriodicSquare" />
  </testsuite>
  <testsuite name="PoissonHeatG26" tests="1" failures="0" disabled="0" errors="0" time="13.345">
    <testcase name="HandlesPoissonHeatG26" status="run" time="13.345" classname="PoissonHeatG26" />
  </testsuite>
</testsuites>
