<?xml version="1.0" encoding="UTF-8"?>
<testsuites tests="2" failures="0" disabled="0" errors="0" timestamp="2016-10-10T17:18:05" time="20.249" name="AllTests">
  <testsuite name="GridRefinementPeriodicSquare" tests="1" failures="0" disabled="0" errors="0" time="0.125">
    <testcase name="HandlesRefinement" status="run" time="0.125" classname="GridRefinementPeriodicSquare" />
  </testsuite>
  <testsuite name="PoissonHeatG26" tests="1" failures="0" disabled="0" errors="0" time="20.124">
    <testcase name="HandlesPoissonHeatG26" status="run" time="20.124" classname="PoissonHeatG26" />
  </testsuite>
</testsuites>
