<?xml version="1.0" encoding="UTF-8"?>
<testsuites tests="3" failures="0" disabled="0" errors="0" timestamp="2016-11-25T12:36:11" time="12.899" name="AllTests">
  <testsuite name="LinearSolver" tests="1" failures="0" disabled="0" errors="0" time="0.26">
    <testcase name="HandlesLinearSolver" status="run" time="0.26" classname="LinearSolver" />
  </testsuite>
  <testsuite name="GridRefinementPeriodicSquare" tests="1" failures="0" disabled="0" errors="0" time="0.052">
    <testcase name="HandlesRefinement" status="run" time="0.052" classname="GridRefinementPeriodicSquare" />
  </testsuite>
  <testsuite name="PoissonHeatG26" tests="1" failures="0" disabled="0" errors="0" time="12.587">
    <testcase name="HandlesPoissonHeatG26" status="run" time="12.586" classname="PoissonHeatG26" />
  </testsuite>
</testsuites>
