<?xml version="1.0" encoding="UTF-8"?>
<testsuites tests="3" failures="0" disabled="0" errors="0" timestamp="2016-11-25T12:35:16" time="12.949" name="AllTests">
  <testsuite name="LinearSolver" tests="1" failures="0" disabled="0" errors="0" time="0.246">
    <testcase name="HandlesLinearSolver" status="run" time="0.246" classname="LinearSolver" />
  </testsuite>
  <testsuite name="GridRefinementPeriodicSquare" tests="1" failures="0" disabled="0" errors="0" time="0.11">
    <testcase name="HandlesRefinement" status="run" time="0.11" classname="GridRefinementPeriodicSquare" />
  </testsuite>
  <testsuite name="PoissonHeatG26" tests="1" failures="0" disabled="0" errors="0" time="12.593">
    <testcase name="HandlesPoissonHeatG26" status="run" time="12.593" classname="PoissonHeatG26" />
  </testsuite>
</testsuites>
