<?xml version="1.0" encoding="UTF-8"?>
<testsuites tests="2" failures="0" disabled="0" errors="0" timestamp="2016-10-10T17:20:06" time="19.809" name="AllTests">
  <testsuite name="GridRefinementPeriodicSquare" tests="1" failures="0" disabled="0" errors="0" time="0.123">
    <testcase name="HandlesRefinement" status="run" time="0.123" classname="GridRefinementPeriodicSquare" />
  </testsuite>
  <testsuite name="PoissonHeatG26" tests="1" failures="0" disabled="0" errors="0" time="19.686">
    <testcase name="HandlesPoissonHeatG26" status="run" time="19.686" classname="PoissonHeatG26" />
  </testsuite>
</testsuites>
