<?xml version="1.0" encoding="UTF-8"?>
<testsuites tests="7" failures="0" disabled="0" errors="0" timestamp="2016-11-29T18:00:03" time="31.925" name="AllTests">
  <testsuite name="LinearSolver" tests="1" failures="0" disabled="0" errors="0" time="0.02">
    <testcase name="HandlesLinearSolver" status="run" time="0.02" classname="LinearSolver" />
  </testsuite>
  <testsuite name="FEValues" tests="1" failures="0" disabled="0" errors="0" time="0.003">
    <testcase name="HandlesFEValues" status="run" time="0.003" classname="FEValues" />
  </testsuite>
  <testsuite name="DofIndex" tests="1" failures="0" disabled="0" errors="0" time="0">
    <testcase name="HandlesDofIndex" status="run" time="0" classname="DofIndex" />
  </testsuite>
  <testsuite name="MassMatrix" tests="1" failures="0" disabled="0" errors="0" time="0.024">
    <testcase name="HandlesMassMatrix" status="run" time="0.024" classname="MassMatrix" />
  </testsuite>
  <testsuite name="FasterAssemblation" tests="1" failures="0" disabled="0" errors="0" time="0.054">
    <testcase name="TestFasterAssemblation" status="run" time="0.054" classname="FasterAssemblation" />
  </testsuite>
  <testsuite name="GridRefinementPeriodicSquare" tests="1" failures="0" disabled="0" errors="0" time="0.201">
    <testcase name="HandlesRefinement" status="run" time="0.201" classname="GridRefinementPeriodicSquare" />
  </testsuite>
  <testsuite name="PoissonHeatG26" tests="1" failures="0" disabled="0" errors="0" time="31.622">
    <testcase name="HandlesPoissonHeatG26" status="run" time="31.622" classname="PoissonHeatG26" />
  </testsuite>
</testsuites>
