<?xml version="1.0" encoding="UTF-8"?>
<testsuites tests="2" failures="0" disabled="0" errors="0" timestamp="2016-10-10T17:18:46" time="19.758" name="AllTests">
  <testsuite name="GridRefinementPeriodicSquare" tests="1" failures="0" disabled="0" errors="0" time="0.126">
    <testcase name="HandlesRefinement" status="run" time="0.126" classname="GridRefinementPeriodicSquare" />
  </testsuite>
  <testsuite name="PoissonHeatG26" tests="1" failures="0" disabled="0" errors="0" time="19.632">
    <testcase name="HandlesPoissonHeatG26" status="run" time="19.632" classname="PoissonHeatG26" />
  </testsuite>
</testsuites>
