<?xml version="1.0" encoding="UTF-8"?>
<testsuites tests="6" failures="0" disabled="0" errors="0" timestamp="2016-11-30T19:49:08" time="0.319" name="AllTests">
  <testsuite name="LinearSolver" tests="1" failures="0" disabled="0" errors="0" time="0.023">
    <testcase name="HandlesLinearSolver" status="run" time="0.023" classname="LinearSolver" />
  </testsuite>
  <testsuite name="FEValues" tests="1" failures="0" disabled="0" errors="0" time="0.004">
    <testcase name="HandlesFEValues" status="run" time="0.004" classname="FEValues" />
  </testsuite>
  <testsuite name="DofIndex" tests="1" failures="0" disabled="0" errors="0" time="0">
    <testcase name="HandlesDofIndex" status="run" time="0" classname="DofIndex" />
  </testsuite>
  <testsuite name="MassMatrix" tests="1" failures="0" disabled="0" errors="0" time="0.028">
    <testcase name="HandlesMassMatrix" status="run" time="0.028" classname="MassMatrix" />
  </testsuite>
  <testsuite name="FasterAssemblation" tests="1" failures="0" disabled="0" errors="0" time="0.056">
    <testcase name="TestFasterAssemblation" status="run" time="0.056" classname="FasterAssemblation" />
  </testsuite>
  <testsuite name="ProductionMM" tests="1" failures="0" disabled="0" errors="0" time="0.208">
    <testcase name="HandlesProductionTermMM" status="run" time="0.208" classname="ProductionMM" />
  </testsuite>
</testsuites>
