<?xml version="1.0" encoding="UTF-8"?>
<testsuites tests="4" failures="0" disabled="0" errors="0" timestamp="2016-11-09T00:06:41" time="38.276" name="AllTests">
  <testsuite name="ExactSolutionPoissonHeatG35" tests="1" failures="0" disabled="0" errors="0" time="0.136">
    <testcase name="HandlesExactSolutionG35" status="run" time="0.136" classname="ExactSolutionPoissonHeatG35" />
  </testsuite>
  <testsuite name="ChecksPeriodicGrid" tests="1" failures="0" disabled="0" errors="0" time="0.138">
    <testcase name="HandlesPeridicGrid" status="run" time="0.138" classname="ChecksPeriodicGrid" />
  </testsuite>
  <testsuite name="GridRefinementPeriodicSquare" tests="1" failures="0" disabled="0" errors="0" time="0.151">
    <testcase name="HandlesRefinement" status="run" time="0.151" classname="GridRefinementPeriodicSquare" />
  </testsuite>
  <testsuite name="PoissonHeatG35" tests="1" failures="0" disabled="0" errors="0" time="37.851">
    <testcase name="HandlesPoissonHeatG35" status="run" time="37.851" classname="PoissonHeatG35" />
  </testsuite>
</testsuites>
