<?xml version="1.0" encoding="UTF-8"?>
<testsuites tests="8" failures="0" disabled="0" errors="0" timestamp="2016-11-29T17:47:04" time="79.656" name="AllTests">
  <testsuite name="LinearSolver" tests="1" failures="0" disabled="0" errors="0" time="0.024">
    <testcase name="HandlesLinearSolver" status="run" time="0.024" classname="LinearSolver" />
  </testsuite>
  <testsuite name="FEValues" tests="1" failures="0" disabled="0" errors="0" time="0.003">
    <testcase name="HandlesFEValues" status="run" time="0.003" classname="FEValues" />
  </testsuite>
  <testsuite name="DofIndex" tests="1" failures="0" disabled="0" errors="0" time="0">
    <testcase name="HandlesDofIndex" status="run" time="0" classname="DofIndex" />
  </testsuite>
  <testsuite name="MassMatrix" tests="1" failures="0" disabled="0" errors="0" time="0.031">
    <testcase name="HandlesMassMatrix" status="run" time="0.031" classname="MassMatrix" />
  </testsuite>
  <testsuite name="FasterAssemblation" tests="1" failures="0" disabled="0" errors="0" time="0.059">
    <testcase name="TestFasterAssemblation" status="run" time="0.059" classname="FasterAssemblation" />
  </testsuite>
  <testsuite name="ChecksPeriodicGrid" tests="1" failures="0" disabled="0" errors="0" time="0.422">
    <testcase name="HandlesPeridicGrid" status="run" time="0.422" classname="ChecksPeriodicGrid" />
  </testsuite>
  <testsuite name="GridRefinementPeriodicSquare" tests="1" failures="0" disabled="0" errors="0" time="0.436">
    <testcase name="HandlesRefinement" status="run" time="0.436" classname="GridRefinementPeriodicSquare" />
  </testsuite>
  <testsuite name="PoissonHeatG45" tests="1" failures="0" disabled="0" errors="0" time="78.681">
    <testcase name="HandlesPoissonHeatG45" status="run" time="78.681" classname="PoissonHeatG45" />
  </testsuite>
</testsuites>
