<?xml version="1.0" encoding="UTF-8"?>
<testsuites tests="6" failures="0" disabled="0" errors="0" timestamp="2016-11-30T19:49:34" time="0.655" name="AllTests">
  <testsuite name="LinearSolver" tests="1" failures="0" disabled="0" errors="0" time="0.021">
    <testcase name="HandlesLinearSolver" status="run" time="0.021" classname="LinearSolver" />
  </testsuite>
  <testsuite name="FEValues" tests="1" failures="0" disabled="0" errors="0" time="0.003">
    <testcase name="HandlesFEValues" status="run" time="0.003" classname="FEValues" />
  </testsuite>
  <testsuite name="DofIndex" tests="1" failures="0" disabled="0" errors="0" time="0">
    <testcase name="HandlesDofIndex" status="run" time="0" classname="DofIndex" />
  </testsuite>
  <testsuite name="MassMatrix" tests="1" failures="0" disabled="0" errors="0" time="0.028">
    <testcase name="HandlesMassMatrix" status="run" time="0.028" classname="MassMatrix" />
  </testsuite>
  <testsuite name="FasterAssemblation" tests="1" failures="0" disabled="0" errors="0" time="0.057">
    <testcase name="TestFasterAssemblation" status="run" time="0.057" classname="FasterAssemblation" />
  </testsuite>
  <testsuite name="ProductionMM" tests="1" failures="0" disabled="0" errors="0" time="0.546">
    <testcase name="HandlesProductionTermMM" status="run" time="0.546" classname="ProductionMM" />
  </testsuite>
</testsuites>
