<?xml version="1.0" encoding="UTF-8"?>
<testsuites tests="3" failures="0" disabled="0" errors="0" timestamp="2016-11-10T08:57:52" time="12.912" name="AllTests">
  <testsuite name="ChecksPeriodicGrid" tests="1" failures="0" disabled="0" errors="0" time="0.286">
    <testcase name="HandlesPeridicGrid" status="run" time="0.286" classname="ChecksPeriodicGrid" />
  </testsuite>
  <testsuite name="GridRefinementPeriodicSquare" tests="1" failures="0" disabled="0" errors="0" time="0.266">
    <testcase name="HandlesRefinement" status="run" time="0.266" classname="GridRefinementPeriodicSquare" />
  </testsuite>
  <testsuite name="PoissonHeatG45" tests="1" failures="0" disabled="0" errors="0" time="12.36">
    <testcase name="HandlesPoissonHeatG45" status="run" time="12.36" classname="PoissonHeatG45" />
  </testsuite>
</testsuites>
