<?xml version="1.0" encoding="UTF-8"?>
<testsuites tests="4" failures="0" disabled="0" errors="0" timestamp="2016-11-09T13:45:45" time="105.493" name="AllTests">
  <testsuite name="ExactSolutionPoissonHeatG45" tests="1" failures="0" disabled="0" errors="0" time="0.572">
    <testcase name="HandlesExactSolutionG45" status="run" time="0.572" classname="ExactSolutionPoissonHeatG45" />
  </testsuite>
  <testsuite name="ChecksPeriodicGrid" tests="1" failures="0" disabled="0" errors="0" time="0.589">
    <testcase name="HandlesPeridicGrid" status="run" time="0.589" classname="ChecksPeriodicGrid" />
  </testsuite>
  <testsuite name="GridRefinementPeriodicSquare" tests="1" failures="0" disabled="0" errors="0" time="0.575">
    <testcase name="HandlesRefinement" status="run" time="0.575" classname="GridRefinementPeriodicSquare" />
  </testsuite>
  <testsuite name="PoissonHeatG45" tests="1" failures="0" disabled="0" errors="0" time="103.757">
    <testcase name="HandlesPoissonHeatG45" status="run" time="103.757" classname="PoissonHeatG45" />
  </testsuite>
</testsuites>
