<?xml version="1.0" encoding="UTF-8"?>
<testsuites tests="6" failures="0" disabled="0" errors="0" timestamp="2016-11-12T23:41:00" time="82.802" name="AllTests">
  <testsuite name="ChecksPeriodicGrid" tests="1" failures="0" disabled="0" errors="0" time="0.278">
    <testcase name="HandlesPeridicGrid" status="run" time="0.278" classname="ChecksPeriodicGrid" />
  </testsuite>
  <testsuite name="PoissonHeatG56" tests="1" failures="0" disabled="0" errors="0" time="82.513">
    <testcase name="HandlesPoissonHeatG56" status="run" time="82.513" classname="PoissonHeatG56" />
  </testsuite>
  <testsuite name="ProjectorData" tests="1" failures="0" disabled="0" errors="0" time="0.003">
    <testcase name="HandlesProjectorData" status="run" time="0.003" classname="ProjectorData" />
  </testsuite>
  <testsuite name="InvProjectorData" tests="1" failures="0" disabled="0" errors="0" time="0.003">
    <testcase name="HandlesInvProjectorData" status="run" time="0.003" classname="InvProjectorData" />
  </testsuite>
  <testsuite name="ProjectorDataIntoInvProjectorData" tests="1" failures="0" disabled="0" errors="0" time="0.004">
    <testcase name="HandlesInvertibilityOfProjector" status="run" time="0.004" classname="ProjectorDataIntoInvProjectorData" />
  </testsuite>
  <testsuite name="SymmetrizerDataIntoInvSymmetrizerData" tests="1" failures="0" disabled="0" errors="0" time="0.001">
    <testcase name="HandlesInvertibilityOfSymmetrizer" status="run" time="0.001" classname="SymmetrizerDataIntoInvSymmetrizerData" />
  </testsuite>
</testsuites>
