<?xml version="1.0" encoding="UTF-8"?>
<testsuites tests="6" failures="0" disabled="0" errors="0" timestamp="2016-11-12T23:44:41" time="89.103" name="AllTests">
  <testsuite name="ChecksPeriodicGrid" tests="1" failures="0" disabled="0" errors="0" time="0.283">
    <testcase name="HandlesPeridicGrid" status="run" time="0.283" classname="ChecksPeriodicGrid" />
  </testsuite>
  <testsuite name="PoissonHeatG56" tests="1" failures="0" disabled="0" errors="0" time="88.808">
    <testcase name="HandlesPoissonHeatG56" status="run" time="88.808" classname="PoissonHeatG56" />
  </testsuite>
  <testsuite name="ProjectorData" tests="1" failures="0" disabled="0" errors="0" time="0.003">
    <testcase name="HandlesProjectorData" status="run" time="0.003" classname="ProjectorData" />
  </testsuite>
  <testsuite name="InvProjectorData" tests="1" failures="0" disabled="0" errors="0" time="0.003">
    <testcase name="HandlesInvProjectorData" status="run" time="0.003" classname="InvProjectorData" />
  </testsuite>
  <testsuite name="ProjectorDataIntoInvProjectorData" tests="1" failures="0" disabled="0" errors="0" time="0.006">
    <testcase name="HandlesInvertibilityOfProjector" status="run" time="0.005" classname="ProjectorDataIntoInvProjectorData" />
  </testsuite>
  <testsuite name="SymmetrizerDataIntoInvSymmetrizerData" tests="1" failures="0" disabled="0" errors="0" time="0">
    <testcase name="HandlesInvertibilityOfSymmetrizer" status="run" time="0" classname="SymmetrizerDataIntoInvSymmetrizerData" />
  </testsuite>
</testsuites>
