<?xml version="1.0" encoding="UTF-8"?>
<testsuites tests="7" failures="0" disabled="0" errors="0" timestamp="2016-11-13T00:14:13" time="154.327" name="AllTests">
  <testsuite name="ExactSolutionPoissonHeatG71" tests="1" failures="0" disabled="0" errors="0" time="1.429">
    <testcase name="HandlesExactSolutionG71" status="run" time="1.429" classname="ExactSolutionPoissonHeatG71" />
  </testsuite>
  <testsuite name="ChecksPeriodicGrid" tests="1" failures="0" disabled="0" errors="0" time="1.365">
    <testcase name="HandlesPeridicGrid" status="run" time="1.365" classname="ChecksPeriodicGrid" />
  </testsuite>
  <testsuite name="PoissonHeatG71" tests="1" failures="0" disabled="0" errors="0" time="151.522">
    <testcase name="HandlesPoissonHeatG71" status="run" time="151.522" classname="PoissonHeatG71" />
  </testsuite>
  <testsuite name="ProjectorData" tests="1" failures="0" disabled="0" errors="0" time="0.002">
    <testcase name="HandlesProjectorData" status="run" time="0.002" classname="ProjectorData" />
  </testsuite>
  <testsuite name="InvProjectorData" tests="1" failures="0" disabled="0" errors="0" time="0.003">
    <testcase name="HandlesInvProjectorData" status="run" time="0.003" classname="InvProjectorData" />
  </testsuite>
  <testsuite name="ProjectorDataIntoInvProjectorData" tests="1" failures="0" disabled="0" errors="0" time="0.005">
    <testcase name="HandlesInvertibilityOfProjector" status="run" time="0.005" classname="ProjectorDataIntoInvProjectorData" />
  </testsuite>
  <testsuite name="SymmetrizerDataIntoInvSymmetrizerData" tests="1" failures="0" disabled="0" errors="0" time="0.001">
    <testcase name="HandlesInvertibilityOfSymmetrizer" status="run" time="0.001" classname="SymmetrizerDataIntoInvSymmetrizerData" />
  </testsuite>
</testsuites>
