<?xml version="1.0" encoding="UTF-8"?>
<testsuites tests="6" failures="0" disabled="0" errors="0" timestamp="2016-11-30T19:50:53" time="2.038" name="AllTests">
  <testsuite name="LinearSolver" tests="1" failures="0" disabled="0" errors="0" time="0.021">
    <testcase name="HandlesLinearSolver" status="run" time="0.021" classname="LinearSolver" />
  </testsuite>
  <testsuite name="FEValues" tests="1" failures="0" disabled="0" errors="0" time="0.004">
    <testcase name="HandlesFEValues" status="run" time="0.004" classname="FEValues" />
  </testsuite>
  <testsuite name="DofIndex" tests="1" failures="0" disabled="0" errors="0" time="0.001">
    <testcase name="HandlesDofIndex" status="run" time="0.001" classname="DofIndex" />
  </testsuite>
  <testsuite name="MassMatrix" tests="1" failures="0" disabled="0" errors="0" time="0.03">
    <testcase name="HandlesMassMatrix" status="run" time="0.03" classname="MassMatrix" />
  </testsuite>
  <testsuite name="FasterAssemblation" tests="1" failures="0" disabled="0" errors="0" time="0.056">
    <testcase name="TestFasterAssemblation" status="run" time="0.056" classname="FasterAssemblation" />
  </testsuite>
  <testsuite name="ProductionMM" tests="1" failures="0" disabled="0" errors="0" time="1.926">
    <testcase name="HandlesProductionTermMM" status="run" time="1.926" classname="ProductionMM" />
  </testsuite>
</testsuites>
