<?xml version="1.0" encoding="UTF-8"?>
<testsuites tests="7" failures="0" disabled="0" errors="0" timestamp="2016-11-13T00:46:37" time="180.446" name="AllTests">
  <testsuite name="ExactSolutionPoissonHeatG84" tests="1" failures="0" disabled="0" errors="0" time="1.006">
    <testcase name="HandlesExactSolutionG84" status="run" time="1.006" classname="ExactSolutionPoissonHeatG84" />
  </testsuite>
  <testsuite name="ChecksPeriodicGrid" tests="1" failures="0" disabled="0" errors="0" time="1.001">
    <testcase name="HandlesPeridicGrid" status="run" time="1.001" classname="ChecksPeriodicGrid" />
  </testsuite>
  <testsuite name="PoissonHeatG84" tests="1" failures="0" disabled="0" errors="0" time="178.422">
    <testcase name="HandlesPoissonHeatG84" status="run" time="178.422" classname="PoissonHeatG84" />
  </testsuite>
  <testsuite name="ProjectorData" tests="1" failures="0" disabled="0" errors="0" time="0.006">
    <testcase name="HandlesProjectorData" status="run" time="0.006" classname="ProjectorData" />
  </testsuite>
  <testsuite name="InvProjectorData" tests="1" failures="0" disabled="0" errors="0" time="0.004">
    <testcase name="HandlesInvProjectorData" status="run" time="0.004" classname="InvProjectorData" />
  </testsuite>
  <testsuite name="ProjectorDataIntoInvProjectorData" tests="1" failures="0" disabled="0" errors="0" time="0.005">
    <testcase name="HandlesInvertibilityOfProjector" status="run" time="0.005" classname="ProjectorDataIntoInvProjectorData" />
  </testsuite>
  <testsuite name="SymmetrizerDataIntoInvSymmetrizerData" tests="1" failures="0" disabled="0" errors="0" time="0.001">
    <testcase name="HandlesInvertibilityOfSymmetrizer" status="run" time="0.001" classname="SymmetrizerDataIntoInvSymmetrizerData" />
  </testsuite>
</testsuites>
