<?xml version="1.0" encoding="UTF-8"?>
<testsuites tests="7" failures="0" disabled="0" errors="0" timestamp="2016-12-04T01:00:10" time="1.843" name="AllTests">
  <testsuite name="LinearSolver" tests="1" failures="0" disabled="0" errors="0" time="0.049">
    <testcase name="HandlesLinearSolver" status="run" time="0.049" classname="LinearSolver" />
  </testsuite>
  <testsuite name="FEValues" tests="1" failures="0" disabled="0" errors="0" time="0.025">
    <testcase name="HandlesFEValues" status="run" time="0.025" classname="FEValues" />
  </testsuite>
  <testsuite name="DofIndex" tests="1" failures="0" disabled="0" errors="0" time="0.002">
    <testcase name="HandlesDofIndex" status="run" time="0.002" classname="DofIndex" />
  </testsuite>
  <testsuite name="MassMatrix" tests="1" failures="0" disabled="0" errors="0" time="0.03">
    <testcase name="HandlesMassMatrix" status="run" time="0.03" classname="MassMatrix" />
  </testsuite>
  <testsuite name="FasterAssemblation" tests="1" failures="0" disabled="0" errors="0" time="0.057">
    <testcase name="TestFasterAssemblation" status="run" time="0.057" classname="FasterAssemblation" />
  </testsuite>
  <testsuite name="PeriodicityHandler" tests="1" failures="0" disabled="0" errors="0" time="0.025">
    <testcase name="HandlesPeriodicityManagement" status="run" time="0.025" classname="PeriodicityHandler" />
  </testsuite>
  <testsuite name="SolvingSystemA" tests="1" failures="0" disabled="0" errors="0" time="1.655">
    <testcase name="HandlesSolvingSystemA" status="run" time="1.655" classname="SolvingSystemA" />
  </testsuite>
</testsuites>
