<?xml version="1.0" encoding="UTF-8"?>
<testsuites tests="24" failures="0" disabled="0" errors="0" timestamp="2016-10-05T16:21:58" time="1.54" name="AllTests">
  <testsuite name="ForceTypeUnSymm" tests="1" failures="0" disabled="0" errors="0" time="0.004">
    <testcase name="HandlesForcingUnSymm" status="run" time="0.004" classname="ForceTypeUnSymm" />
  </testsuite>
  <testsuite name="ForceSystemA" tests="1" failures="0" disabled="0" errors="0" time="0.014">
    <testcase name="HandlesForceSystemA" status="run" time="0.014" classname="ForceSystemA" />
  </testsuite>
  <testsuite name="DevelopingSystem" tests="1" failures="0" disabled="0" errors="0" time="0.015">
    <testcase name="HandlingDevelopingSystems" status="run" time="0.015" classname="DevelopingSystem" />
  </testsuite>
  <testsuite name="TestingOrdering" tests="1" failures="0" disabled="0" errors="0" time="0">
    <testcase name="HandlesOrdering" status="run" time="0" classname="TestingOrdering" />
  </testsuite>
  <testsuite name="TestXminusDummyMat" tests="1" failures="0" disabled="0" errors="0" time="0.002">
    <testcase name="HandlingXminus" status="run" time="0.002" classname="TestXminusDummyMat" />
  </testsuite>
  <testsuite name="TestXminusSystemA" tests="1" failures="0" disabled="0" errors="0" time="0.02">
    <testcase name="HandlingXminusSystemA" status="run" time="0.02" classname="TestXminusSystemA" />
  </testsuite>
  <testsuite name="TestLambdaXcomputationSystemA" tests="1" failures="0" disabled="0" errors="0" time="0.023">
    <testcase name="HandlingEigenDecomp" status="run" time="0.023" classname="TestLambdaXcomputationSystemA" />
  </testsuite>
  <testsuite name="AmodComputationSystemA" tests="1" failures="0" disabled="0" errors="0" time="0.023">
    <testcase name="HandlingAmod" status="run" time="0.023" classname="AmodComputationSystemA" />
  </testsuite>
  <testsuite name="AminusComputationSystemA" tests="1" failures="0" disabled="0" errors="0" time="0.025">
    <testcase name="HandlingAminus" status="run" time="0.025" classname="AminusComputationSystemA" />
  </testsuite>
  <testsuite name="CompareFloatMat" tests="1" failures="0" disabled="0" errors="0" time="0">
    <testcase name="HandlesCompareFloatMat" status="run" time="0" classname="CompareFloatMat" />
  </testsuite>
  <testsuite name="BMatSystemA" tests="1" failures="0" disabled="0" errors="0" time="0.015">
    <testcase name="HandlesBMatSystemA" status="run" time="0.015" classname="BMatSystemA" />
  </testsuite>
  <testsuite name="XminusBXminusInv" tests="1" failures="0" disabled="0" errors="0" time="0.016">
    <testcase name="HandlesXminusBXminusInv" status="run" time="0.016" classname="XminusBXminusInv" />
  </testsuite>
  <testsuite name="BhatCheck" tests="1" failures="0" disabled="0" errors="0" time="0.014">
    <testcase name="HandlesBhat" status="run" time="0.014" classname="BhatCheck" />
  </testsuite>
  <testsuite name="BCrhs" tests="1" failures="0" disabled="0" errors="0" time="0.015">
    <testcase name="HandlesBCrhsSystemA" status="run" time="0.015" classname="BCrhs" />
  </testsuite>
  <testsuite name="Projector" tests="1" failures="0" disabled="0" errors="0" time="0.014">
    <testcase name="HandlesSystemAProjector" status="run" time="0.014" classname="Projector" />
  </testsuite>
  <testsuite name="InvProjector" tests="1" failures="0" disabled="0" errors="0" time="0.017">
    <testcase name="HandlesSystemAInvProjector" status="run" time="0.017" classname="InvProjector" />
  </testsuite>
  <testsuite name="AminusAnSystemA" tests="1" failures="0" disabled="0" errors="0" time="0.016">
    <testcase name="HandlesAminusAnSystemA" status="run" time="0.016" classname="AminusAnSystemA" />
  </testsuite>
  <testsuite name="BCOddSystemA" tests="1" failures="0" disabled="0" errors="0" time="0.015">
    <testcase name="HandlingBCOddSystemA" status="run" time="0.015" classname="BCOddSystemA" />
  </testsuite>
  <testsuite name="BCrhsOddSystemARing" tests="1" failures="0" disabled="0" errors="0" time="0.017">
    <testcase name="HandlingBCrhsOddSystemARing" status="run" time="0.017" classname="BCrhsOddSystemARing" />
  </testsuite>
  <testsuite name="BCrhsPeriodicSystemA" tests="1" failures="0" disabled="0" errors="0" time="0.014">
    <testcase name="HandlesPeriodicBoxBCrhsSystemA" status="run" time="0.014" classname="BCrhsPeriodicSystemA" />
  </testsuite>
  <testsuite name="ExactSolutionRingSystemA" tests="1" failures="0" disabled="0" errors="0" time="0.014">
    <testcase name="HandlesExactSolutionRingSystemA" status="run" time="0.014" classname="ExactSolutionRingSystemA" />
  </testsuite>
  <testsuite name="MeshGenerationRing" tests="1" failures="0" disabled="0" errors="0" time="0.018">
    <testcase name="HandlesMeshGenerationRing" status="run" time="0.018" classname="MeshGenerationRing" />
  </testsuite>
  <testsuite name="PeriodicityHandler" tests="1" failures="0" disabled="0" errors="0" time="0.016">
    <testcase name="HandlesPeriodicityManagement" status="run" time="0.016" classname="PeriodicityHandler" />
  </testsuite>
  <testsuite name="SolvingSystemA" tests="1" failures="0" disabled="0" errors="0" time="1.212">
    <testcase name="HandlesSolvingSystemA" status="run" time="1.212" classname="SolvingSystemA" />
  </testsuite>
</testsuites>
