<?xml version="1.0" encoding="UTF-8"?>
<testsuites tests="3" failures="0" disabled="0" errors="0" timestamp="2016-10-08T12:57:26" time="14.324" name="AllTests">
  <testsuite name="Periodic" tests="1" failures="0" disabled="0" errors="0" time="0.186">
    <testcase name="HandlesPeriodic" status="run" time="0.186" classname="Periodic" />
  </testsuite>
  <testsuite name="PeriodicityHandler" tests="1" failures="0" disabled="0" errors="0" time="3.404">
    <testcase name="HandlesPeriodicityManagement" status="run" time="3.404" classname="PeriodicityHandler" />
  </testsuite>
  <testsuite name="PoissonHeatG26" tests="1" failures="0" disabled="0" errors="0" time="10.733">
    <testcase name="HandlesPoissonHeatG26" status="run" time="10.733" classname="PoissonHeatG26" />
  </testsuite>
</testsuites>
