<?xml version="1.0" encoding="UTF-8"?>
<testsuites tests="8" failures="0" disabled="0" errors="0" timestamp="2016-12-04T17:18:16" time="346.984" name="AllTests">
  <testsuite name="LinearSolver" tests="1" failures="0" disabled="0" errors="0" time="0.058">
    <testcase name="HandlesLinearSolver" status="run" time="0.058" classname="LinearSolver" />
  </testsuite>
  <testsuite name="FEValues" tests="1" failures="0" disabled="0" errors="0" time="0.019">
    <testcase name="HandlesFEValues" status="run" time="0.019" classname="FEValues" />
  </testsuite>
  <testsuite name="DofIndex" tests="1" failures="0" disabled="0" errors="0" time="0">
    <testcase name="HandlesDofIndex" status="run" time="0" classname="DofIndex" />
  </testsuite>
  <testsuite name="MassMatrix" tests="1" failures="0" disabled="0" errors="0" time="0.001">
    <testcase name="HandlesMassMatrix" status="run" time="0.001" classname="MassMatrix" />
  </testsuite>
  <testsuite name="FasterAssemblation" tests="1" failures="0" disabled="0" errors="0" time="0.003">
    <testcase name="TestFasterAssemblation" status="run" time="0.003" classname="FasterAssemblation" />
  </testsuite>
  <testsuite name="ExactSolutionPoissonHeatG120" tests="1" failures="0" disabled="0" errors="0" time="0.02">
    <testcase name="HandlesExactSolutionG120" status="run" time="0.02" classname="ExactSolutionPoissonHeatG120" />
  </testsuite>
  <testsuite name="ChecksPeriodicGrid" tests="1" failures="0" disabled="0" errors="0" time="0.035">
    <testcase name="HandlesPeridicGrid" status="run" time="0.035" classname="ChecksPeriodicGrid" />
  </testsuite>
  <testsuite name="PoissonHeatG120" tests="1" failures="0" disabled="0" errors="0" time="346.848">
    <testcase name="HandlesPoissonHeatG120" status="run" time="346.848" classname="PoissonHeatG120" />
  </testsuite>
</testsuites>
