<?xml version="1.0" encoding="UTF-8"?>
<testsuites tests="8" failures="0" disabled="0" errors="0" timestamp="2016-12-04T17:12:44" time="331.203" name="AllTests">
  <testsuite name="LinearSolver" tests="1" failures="0" disabled="0" errors="0" time="0.09">
    <testcase name="HandlesLinearSolver" status="run" time="0.09" classname="LinearSolver" />
  </testsuite>
  <testsuite name="FEValues" tests="1" failures="0" disabled="0" errors="0" time="0.017">
    <testcase name="HandlesFEValues" status="run" time="0.017" classname="FEValues" />
  </testsuite>
  <testsuite name="DofIndex" tests="1" failures="0" disabled="0" errors="0" time="0.001">
    <testcase name="HandlesDofIndex" status="run" time="0.001" classname="DofIndex" />
  </testsuite>
  <testsuite name="MassMatrix" tests="1" failures="0" disabled="0" errors="0" time="0.001">
    <testcase name="HandlesMassMatrix" status="run" time="0.001" classname="MassMatrix" />
  </testsuite>
  <testsuite name="FasterAssemblation" tests="1" failures="0" disabled="0" errors="0" time="0.002">
    <testcase name="TestFasterAssemblation" status="run" time="0.002" classname="FasterAssemblation" />
  </testsuite>
  <testsuite name="ExactSolutionPoissonHeatG120" tests="1" failures="0" disabled="0" errors="0" time="0.022">
    <testcase name="HandlesExactSolutionG120" status="run" time="0.022" classname="ExactSolutionPoissonHeatG120" />
  </testsuite>
  <testsuite name="ChecksPeriodicGrid" tests="1" failures="0" disabled="0" errors="0" time="0.081">
    <testcase name="HandlesPeridicGrid" status="run" time="0.081" classname="ChecksPeriodicGrid" />
  </testsuite>
  <testsuite name="PoissonHeatG120" tests="1" failures="0" disabled="0" errors="0" time="330.989">
    <testcase name="HandlesPoissonHeatG120" status="run" time="330.989" classname="PoissonHeatG120" />
  </testsuite>
</testsuites>
