<?xml version="1.0" encoding="UTF-8"?>
<testsuites tests="6" failures="0" disabled="0" errors="0" timestamp="2016-12-06T15:32:19" time="109.65" name="AllTests">
  <testsuite name="LinearSolver" tests="1" failures="0" disabled="0" errors="0" time="0.047">
    <testcase name="HandlesLinearSolver" status="run" time="0.047" classname="LinearSolver" />
  </testsuite>
  <testsuite name="FEValues" tests="1" failures="0" disabled="0" errors="0" time="0.013">
    <testcase name="HandlesFEValues" status="run" time="0.013" classname="FEValues" />
  </testsuite>
  <testsuite name="DofIndex" tests="1" failures="0" disabled="0" errors="0" time="0.001">
    <testcase name="HandlesDofIndex" status="run" time="0.001" classname="DofIndex" />
  </testsuite>
  <testsuite name="MassMatrix" tests="1" failures="0" disabled="0" errors="0" time="0.004">
    <testcase name="HandlesMassMatrix" status="run" time="0.003" classname="MassMatrix" />
  </testsuite>
  <testsuite name="FasterAssemblation" tests="1" failures="0" disabled="0" errors="0" time="0.006">
    <testcase name="TestFasterAssemblation" status="run" time="0.006" classname="FasterAssemblation" />
  </testsuite>
  <testsuite name="SquareCavityG20" tests="1" failures="0" disabled="0" errors="0" time="109.579">
    <testcase name="SquareCavityG20" status="run" time="109.579" classname="SquareCavityG20" />
  </testsuite>
</testsuites>
