<?xml version="1.0" encoding="UTF-8"?>
<testsuites tests="6" failures="0" disabled="0" errors="0" timestamp="2016-12-06T12:34:44" time="0.181" name="AllTests">
  <testsuite name="LinearSolver" tests="1" failures="0" disabled="0" errors="0" time="0.022">
    <testcase name="HandlesLinearSolver" status="run" time="0.022" classname="LinearSolver" />
  </testsuite>
  <testsuite name="FEValues" tests="1" failures="0" disabled="0" errors="0" time="0.004">
    <testcase name="HandlesFEValues" status="run" time="0.004" classname="FEValues" />
  </testsuite>
  <testsuite name="DofIndex" tests="1" failures="0" disabled="0" errors="0" time="0">
    <testcase name="HandlesDofIndex" status="run" time="0" classname="DofIndex" />
  </testsuite>
  <testsuite name="MassMatrix" tests="1" failures="0" disabled="0" errors="0" time="0.027">
    <testcase name="HandlesMassMatrix" status="run" time="0.027" classname="MassMatrix" />
  </testsuite>
  <testsuite name="FasterAssemblation" tests="1" failures="0" disabled="0" errors="0" time="0.059">
    <testcase name="TestFasterAssemblation" status="run" time="0.059" classname="FasterAssemblation" />
  </testsuite>
  <testsuite name="BCrhsOddG20Square" tests="1" failures="0" disabled="0" errors="0" time="0.068">
    <testcase name="HandlingBCrhsOddG20Square" status="run" time="0.068" classname="BCrhsOddG20Square" />
  </testsuite>
</testsuites>
