<?xml version="1.0" encoding="UTF-8"?>
<testsuites tests="6" failures="0" disabled="0" errors="0" timestamp="2016-12-06T19:54:02" time="9.49" name="AllTests">
  <testsuite name="LinearSolver" tests="1" failures="0" disabled="0" errors="0" time="0.053">
    <testcase name="HandlesLinearSolver" status="run" time="0.053" classname="LinearSolver" />
  </testsuite>
  <testsuite name="FEValues" tests="1" failures="0" disabled="0" errors="0" time="0.012">
    <testcase name="HandlesFEValues" status="run" time="0.012" classname="FEValues" />
  </testsuite>
  <testsuite name="DofIndex" tests="1" failures="0" disabled="0" errors="0" time="0.001">
    <testcase name="HandlesDofIndex" status="run" time="0" classname="DofIndex" />
  </testsuite>
  <testsuite name="MassMatrix" tests="1" failures="0" disabled="0" errors="0" time="0.013">
    <testcase name="HandlesMassMatrix" status="run" time="0.013" classname="MassMatrix" />
  </testsuite>
  <testsuite name="FasterAssemblation" tests="1" failures="0" disabled="0" errors="0" time="0.046">
    <testcase name="TestFasterAssemblation" status="run" time="0.046" classname="FasterAssemblation" />
  </testsuite>
  <testsuite name="TestCrs" tests="1" failures="0" disabled="0" errors="0" time="9.365">
    <testcase name="HandlesCrs" status="run" time="9.365" classname="TestCrs" />
  </testsuite>
</testsuites>
