<?xml version="1.0" encoding="UTF-8"?>
<testsuites tests="3" failures="0" disabled="0" errors="0" timestamp="2017-01-08T15:07:10" time="4.623" name="AllTests">
  <testsuite name="LinearSolver" tests="1" failures="0" disabled="0" errors="0" time="0.357">
    <testcase name="HandlesLinearSolver" status="run" time="0.356" classname="LinearSolver" />
  </testsuite>
  <testsuite name="ResidualComputation" tests="1" failures="0" disabled="0" errors="0" time="0">
    <testcase name="HandlesResidualComputation" status="run" time="0" classname="ResidualComputation" />
  </testsuite>
  <testsuite name="SquareCavityG56" tests="1" failures="0" disabled="0" errors="0" time="4.266">
    <testcase name="SquareCavityG56" status="run" time="4.266" classname="SquareCavityG56" />
  </testsuite>
</testsuites>
