<?xml version="1.0" encoding="UTF-8"?>
<testsuites tests="3" failures="1" disabled="0" errors="0" timestamp="2017-02-05T17:38:28" time="130.757" name="AllTests">
  <testsuite name="LinearSolver" tests="1" failures="0" disabled="0" errors="0" time="0.073">
    <testcase name="HandlesLinearSolver" status="run" time="0.073" classname="LinearSolver" />
  </testsuite>
  <testsuite name="ResidualComputation" tests="1" failures="0" disabled="0" errors="0" time="0">
    <testcase name="HandlesResidualComputation" status="run" time="0" classname="ResidualComputation" />
  </testsuite>
  <testsuite name="SquareCavityG56" tests="1" failures="1" disabled="0" errors="0" time="130.683">
    <testcase name="SquareCavityG56" status="run" time="130.683" classname="SquareCavityG56">
      <failure message="unknown file&#x0A;Unknown C++ exception thrown in the test body." type=""><![CDATA[unknown file
Unknown C++ exception thrown in the test body.]]></failure>
    </testcase>
  </testsuite>
</testsuites>
