<?xml version="1.0" encoding="UTF-8"?>
<testsuites tests="3" failures="0" disabled="0" errors="0" timestamp="2017-01-08T15:07:15" time="19.848" name="AllTests">
  <testsuite name="LinearSolver" tests="1" failures="0" disabled="0" errors="0" time="0.46">
    <testcase name="HandlesLinearSolver" status="run" time="0.46" classname="LinearSolver" />
  </testsuite>
  <testsuite name="ResidualComputation" tests="1" failures="0" disabled="0" errors="0" time="0">
    <testcase name="HandlesResidualComputation" status="run" time="0" classname="ResidualComputation" />
  </testsuite>
  <testsuite name="SquareCavityG56" tests="1" failures="0" disabled="0" errors="0" time="19.388">
    <testcase name="SquareCavityG56" status="run" time="19.388" classname="SquareCavityG56" />
  </testsuite>
</testsuites>
