<?xml version="1.0" encoding="UTF-8"?>
<testsuites tests="8" failures="0" disabled="0" errors="0" timestamp="2016-12-04T14:09:05" time="1.933" name="AllTests">
  <testsuite name="LinearSolver" tests="1" failures="0" disabled="0" errors="0" time="0.021">
    <testcase name="HandlesLinearSolver" status="run" time="0.021" classname="LinearSolver" />
  </testsuite>
  <testsuite name="FEValues" tests="1" failures="0" disabled="0" errors="0" time="0.004">
    <testcase name="HandlesFEValues" status="run" time="0.004" classname="FEValues" />
  </testsuite>
  <testsuite name="DofIndex" tests="1" failures="0" disabled="0" errors="0" time="0.001">
    <testcase name="HandlesDofIndex" status="run" time="0.001" classname="DofIndex" />
  </testsuite>
  <testsuite name="MassMatrix" tests="1" failures="0" disabled="0" errors="0" time="0.035">
    <testcase name="HandlesMassMatrix" status="run" time="0.035" classname="MassMatrix" />
  </testsuite>
  <testsuite name="FasterAssemblation" tests="1" failures="0" disabled="0" errors="0" time="0.066">
    <testcase name="TestFasterAssemblation" status="run" time="0.066" classname="FasterAssemblation" />
  </testsuite>
  <testsuite name="ExactSolutionRingSystemA" tests="1" failures="0" disabled="0" errors="0" time="0.021">
    <testcase name="HandlesExactSolutionRingSystemA" status="run" time="0.021" classname="ExactSolutionRingSystemA" />
  </testsuite>
  <testsuite name="PeriodicityHandler" tests="1" failures="0" disabled="0" errors="0" time="0.02">
    <testcase name="HandlesPeriodicityManagement" status="run" time="0.02" classname="PeriodicityHandler" />
  </testsuite>
  <testsuite name="SolvingSystemA" tests="1" failures="0" disabled="0" errors="0" time="1.765">
    <testcase name="HandlesSolvingSystemA" status="run" time="1.765" classname="SolvingSystemA" />
  </testsuite>
</testsuites>
