<?xml version="1.0" encoding="UTF-8"?>
<testsuites tests="8" failures="0" disabled="0" errors="0" timestamp="2016-12-04T14:09:17" time="1.932" name="AllTests">
  <testsuite name="LinearSolver" tests="1" failures="0" disabled="0" errors="0" time="0.023">
    <testcase name="HandlesLinearSolver" status="run" time="0.023" classname="LinearSolver" />
  </testsuite>
  <testsuite name="FEValues" tests="1" failures="0" disabled="0" errors="0" time="0.004">
    <testcase name="HandlesFEValues" status="run" time="0.004" classname="FEValues" />
  </testsuite>
  <testsuite name="DofIndex" tests="1" failures="0" disabled="0" errors="0" time="0">
    <testcase name="HandlesDofIndex" status="run" time="0" classname="DofIndex" />
  </testsuite>
  <testsuite name="MassMatrix" tests="1" failures="0" disabled="0" errors="0" time="0.028">
    <testcase name="HandlesMassMatrix" status="run" time="0.028" classname="MassMatrix" />
  </testsuite>
  <testsuite name="FasterAssemblation" tests="1" failures="0" disabled="0" errors="0" time="0.063">
    <testcase name="TestFasterAssemblation" status="run" time="0.063" classname="FasterAssemblation" />
  </testsuite>
  <testsuite name="ExactSolutionRingSystemA" tests="1" failures="0" disabled="0" errors="0" time="0.02">
    <testcase name="HandlesExactSolutionRingSystemA" status="run" time="0.02" classname="ExactSolutionRingSystemA" />
  </testsuite>
  <testsuite name="PeriodicityHandler" tests="1" failures="0" disabled="0" errors="0" time="0.016">
    <testcase name="HandlesPeriodicityManagement" status="run" time="0.016" classname="PeriodicityHandler" />
  </testsuite>
  <testsuite name="SolvingSystemA" tests="1" failures="0" disabled="0" errors="0" time="1.777">
    <testcase name="HandlesSolvingSystemA" status="run" time="1.777" classname="SolvingSystemA" />
  </testsuite>
</testsuites>
