<?xml version="1.0" encoding="UTF-8"?>
<testsuites tests="8" failures="0" disabled="0" errors="0" timestamp="2016-12-04T14:09:15" time="1.89" name="AllTests">
  <testsuite name="LinearSolver" tests="1" failures="0" disabled="0" errors="0" time="0.022">
    <testcase name="HandlesLinearSolver" status="run" time="0.022" classname="LinearSolver" />
  </testsuite>
  <testsuite name="FEValues" tests="1" failures="0" disabled="0" errors="0" time="0.003">
    <testcase name="HandlesFEValues" status="run" time="0.003" classname="FEValues" />
  </testsuite>
  <testsuite name="DofIndex" tests="1" failures="0" disabled="0" errors="0" time="0.001">
    <testcase name="HandlesDofIndex" status="run" time="0.001" classname="DofIndex" />
  </testsuite>
  <testsuite name="MassMatrix" tests="1" failures="0" disabled="0" errors="0" time="0.028">
    <testcase name="HandlesMassMatrix" status="run" time="0.028" classname="MassMatrix" />
  </testsuite>
  <testsuite name="FasterAssemblation" tests="1" failures="0" disabled="0" errors="0" time="0.063">
    <testcase name="TestFasterAssemblation" status="run" time="0.063" classname="FasterAssemblation" />
  </testsuite>
  <testsuite name="ExactSolutionRingSystemA" tests="1" failures="0" disabled="0" errors="0" time="0.015">
    <testcase name="HandlesExactSolutionRingSystemA" status="run" time="0.015" classname="ExactSolutionRingSystemA" />
  </testsuite>
  <testsuite name="PeriodicityHandler" tests="1" failures="0" disabled="0" errors="0" time="0.016">
    <testcase name="HandlesPeriodicityManagement" status="run" time="0.016" classname="PeriodicityHandler" />
  </testsuite>
  <testsuite name="SolvingSystemA" tests="1" failures="0" disabled="0" errors="0" time="1.742">
    <testcase name="HandlesSolvingSystemA" status="run" time="1.742" classname="SolvingSystemA" />
  </testsuite>
</testsuites>
