<?xml version="1.0" encoding="UTF-8"?>
<testsuites tests="8" failures="0" disabled="0" errors="0" timestamp="2016-12-04T14:09:09" time="2.844" name="AllTests">
  <testsuite name="LinearSolver" tests="1" failures="0" disabled="0" errors="0" time="0.021">
    <testcase name="HandlesLinearSolver" status="run" time="0.021" classname="LinearSolver" />
  </testsuite>
  <testsuite name="FEValues" tests="1" failures="0" disabled="0" errors="0" time="0.004">
    <testcase name="HandlesFEValues" status="run" time="0.004" classname="FEValues" />
  </testsuite>
  <testsuite name="DofIndex" tests="1" failures="0" disabled="0" errors="0" time="0">
    <testcase name="HandlesDofIndex" status="run" time="0" classname="DofIndex" />
  </testsuite>
  <testsuite name="MassMatrix" tests="1" failures="0" disabled="0" errors="0" time="0.035">
    <testcase name="HandlesMassMatrix" status="run" time="0.035" classname="MassMatrix" />
  </testsuite>
  <testsuite name="FasterAssemblation" tests="1" failures="0" disabled="0" errors="0" time="0.067">
    <testcase name="TestFasterAssemblation" status="run" time="0.067" classname="FasterAssemblation" />
  </testsuite>
  <testsuite name="ExactSolutionRingSystemA" tests="1" failures="0" disabled="0" errors="0" time="0.023">
    <testcase name="HandlesExactSolutionRingSystemA" status="run" time="0.023" classname="ExactSolutionRingSystemA" />
  </testsuite>
  <testsuite name="PeriodicityHandler" tests="1" failures="0" disabled="0" errors="0" time="0.024">
    <testcase name="HandlesPeriodicityManagement" status="run" time="0.024" classname="PeriodicityHandler" />
  </testsuite>
  <testsuite name="SolvingSystemA" tests="1" failures="0" disabled="0" errors="0" time="2.67">
    <testcase name="HandlesSolvingSystemA" status="run" time="2.67" classname="SolvingSystemA" />
  </testsuite>
</testsuites>
