<?xml version="1.0" encoding="UTF-8"?>
<testsuites tests="8" failures="0" disabled="0" errors="0" timestamp="2016-12-04T16:28:32" time="1.837" name="AllTests">
  <testsuite name="LinearSolver" tests="1" failures="0" disabled="0" errors="0" time="0.108">
    <testcase name="HandlesLinearSolver" status="run" time="0.108" classname="LinearSolver" />
  </testsuite>
  <testsuite name="FEValues" tests="1" failures="0" disabled="0" errors="0" time="0.017">
    <testcase name="HandlesFEValues" status="run" time="0.017" classname="FEValues" />
  </testsuite>
  <testsuite name="DofIndex" tests="1" failures="0" disabled="0" errors="0" time="0.001">
    <testcase name="HandlesDofIndex" status="run" time="0.001" classname="DofIndex" />
  </testsuite>
  <testsuite name="MassMatrix" tests="1" failures="0" disabled="0" errors="0" time="0">
    <testcase name="HandlesMassMatrix" status="run" time="0" classname="MassMatrix" />
  </testsuite>
  <testsuite name="FasterAssemblation" tests="1" failures="0" disabled="0" errors="0" time="0.003">
    <testcase name="TestFasterAssemblation" status="run" time="0.003" classname="FasterAssemblation" />
  </testsuite>
  <testsuite name="ExactSolutionRingSystemA" tests="1" failures="0" disabled="0" errors="0" time="0.03">
    <testcase name="HandlesExactSolutionRingSystemA" status="run" time="0.03" classname="ExactSolutionRingSystemA" />
  </testsuite>
  <testsuite name="PeriodicityHandler" tests="1" failures="0" disabled="0" errors="0" time="0.011">
    <testcase name="HandlesPeriodicityManagement" status="run" time="0.011" classname="PeriodicityHandler" />
  </testsuite>
  <testsuite name="SolvingSystemA" tests="1" failures="0" disabled="0" errors="0" time="1.666">
    <testcase name="HandlesSolvingSystemA" status="run" time="1.666" classname="SolvingSystemA" />
  </testsuite>
</testsuites>
