<?xml version="1.0" encoding="UTF-8"?>
<testsuites tests="8" failures="0" disabled="0" errors="0" timestamp="2016-12-04T16:38:24" time="41.996" name="AllTests">
  <testsuite name="LinearSolver" tests="1" failures="0" disabled="0" errors="0" time="0.16">
    <testcase name="HandlesLinearSolver" status="run" time="0.16" classname="LinearSolver" />
  </testsuite>
  <testsuite name="FEValues" tests="1" failures="0" disabled="0" errors="0" time="0.019">
    <testcase name="HandlesFEValues" status="run" time="0.019" classname="FEValues" />
  </testsuite>
  <testsuite name="DofIndex" tests="1" failures="0" disabled="0" errors="0" time="0">
    <testcase name="HandlesDofIndex" status="run" time="0" classname="DofIndex" />
  </testsuite>
  <testsuite name="MassMatrix" tests="1" failures="0" disabled="0" errors="0" time="0.001">
    <testcase name="HandlesMassMatrix" status="run" time="0.001" classname="MassMatrix" />
  </testsuite>
  <testsuite name="FasterAssemblation" tests="1" failures="0" disabled="0" errors="0" time="0.002">
    <testcase name="TestFasterAssemblation" status="run" time="0.002" classname="FasterAssemblation" />
  </testsuite>
  <testsuite name="ExactSolutionPoissonHeatG56" tests="1" failures="0" disabled="0" errors="0" time="0.012">
    <testcase name="HandlesExactSolutionG56" status="run" time="0.012" classname="ExactSolutionPoissonHeatG56" />
  </testsuite>
  <testsuite name="ChecksPeriodicGrid" tests="1" failures="0" disabled="0" errors="0" time="0.083">
    <testcase name="HandlesPeridicGrid" status="run" time="0.083" classname="ChecksPeriodicGrid" />
  </testsuite>
  <testsuite name="PoissonHeatG56" tests="1" failures="0" disabled="0" errors="0" time="41.717">
    <testcase name="HandlesPoissonHeatG56" status="run" time="41.717" classname="PoissonHeatG56" />
  </testsuite>
</testsuites>
