<?xml version="1.0" encoding="UTF-8"?>
<testsuites tests="8" failures="1" disabled="0" errors="0" timestamp="2016-12-04T16:37:46" time="37.409" name="AllTests">
  <testsuite name="LinearSolver" tests="1" failures="0" disabled="0" errors="0" time="0.106">
    <testcase name="HandlesLinearSolver" status="run" time="0.106" classname="LinearSolver" />
  </testsuite>
  <testsuite name="FEValues" tests="1" failures="0" disabled="0" errors="0" time="0.017">
    <testcase name="HandlesFEValues" status="run" time="0.017" classname="FEValues" />
  </testsuite>
  <testsuite name="DofIndex" tests="1" failures="0" disabled="0" errors="0" time="0">
    <testcase name="HandlesDofIndex" status="run" time="0" classname="DofIndex" />
  </testsuite>
  <testsuite name="MassMatrix" tests="1" failures="0" disabled="0" errors="0" time="0.001">
    <testcase name="HandlesMassMatrix" status="run" time="0.001" classname="MassMatrix" />
  </testsuite>
  <testsuite name="FasterAssemblation" tests="1" failures="0" disabled="0" errors="0" time="0.003">
    <testcase name="TestFasterAssemblation" status="run" time="0.003" classname="FasterAssemblation" />
  </testsuite>
  <testsuite name="ExactSolutionPoissonHeatG56" tests="1" failures="1" disabled="0" errors="0" time="0.011">
    <testcase name="HandlesExactSolutionG56" status="run" time="0.011" classname="ExactSolutionPoissonHeatG56">
      <failure message="/home/sarna/Desktop/DG_moments/Tests/include_tests_G56/Test_ExactSolution.h:59&#x0A;The difference between value(i) and value_manuel(i) is 0.00060518901024230951, which exceeds 1e-5, where&#x0A;value(i) evaluates to -0.00031945750120985182,&#x0A;value_manuel(i) evaluates to 0.00028573150903245763, and&#x0A;1e-5 evaluates to 1.0000000000000001e-05.&#x0A;Failing at 4" type=""><![CDATA[/home/sarna/Desktop/DG_moments/Tests/include_tests_G56/Test_ExactSolution.h:59
The difference between value(i) and value_manuel(i) is 0.00060518901024230951, which exceeds 1e-5, where
value(i) evaluates to -0.00031945750120985182,
value_manuel(i) evaluates to 0.00028573150903245763, and
1e-5 evaluates to 1.0000000000000001e-05.
Failing at 4]]></failure>
      <failure message="/home/sarna/Desktop/DG_moments/Tests/include_tests_G56/Test_ExactSolution.h:59&#x0A;The difference between value(i) and value_manuel(i) is 0.0022585961344066211, which exceeds 1e-5, where&#x0A;value(i) evaluates to -0.0011922316253741632,&#x0A;value_manuel(i) evaluates to 0.0010663645090324577, and&#x0A;1e-5 evaluates to 1.0000000000000001e-05.&#x0A;Failing at 6" type=""><![CDATA[/home/sarna/Desktop/DG_moments/Tests/include_tests_G56/Test_ExactSolution.h:59
The difference between value(i) and value_manuel(i) is 0.0022585961344066211, which exceeds 1e-5, where
value(i) evaluates to -0.0011922316253741632,
value_manuel(i) evaluates to 0.0010663645090324577, and
1e-5 evaluates to 1.0000000000000001e-05.
Failing at 6]]></failure>
      <failure message="/home/sarna/Desktop/DG_moments/Tests/include_tests_G56/Test_ExactSolution.h:59&#x0A;The difference between value(i) and value_manuel(i) is 0.045536800000000002, which exceeds 1e-5, where&#x0A;value(i) evaluates to 0,&#x0A;value_manuel(i) evaluates to -0.045536800000000002, and&#x0A;1e-5 evaluates to 1.0000000000000001e-05.&#x0A;Failing at 8" type=""><![CDATA[/home/sarna/Desktop/DG_moments/Tests/include_tests_G56/Test_ExactSolution.h:59
The difference between value(i) and value_manuel(i) is 0.045536800000000002, which exceeds 1e-5, where
value(i) evaluates to 0,
value_manuel(i) evaluates to -0.045536800000000002, and
1e-5 evaluates to 1.0000000000000001e-05.
Failing at 8]]></failure>
    </testcase>
  </testsuite>
  <testsuite name="ChecksPeriodicGrid" tests="1" failures="0" disabled="0" errors="0" time="0.03">
    <testcase name="HandlesPeridicGrid" status="run" time="0.03" classname="ChecksPeriodicGrid" />
  </testsuite>
  <testsuite name="PoissonHeatG56" tests="1" failures="0" disabled="0" errors="0" time="37.24">
    <testcase name="HandlesPoissonHeatG56" status="run" time="37.239" classname="PoissonHeatG56" />
  </testsuite>
</testsuites>
