<?xml version="1.0" encoding="UTF-8"?>
<testsuites tests="3" failures="0" disabled="0" errors="0" timestamp="2017-01-22T18:12:58" time="15.402" name="AllTests">
  <testsuite name="LinearSolver" tests="1" failures="0" disabled="0" errors="0" time="0.021">
    <testcase name="HandlesLinearSolver" status="run" time="0.021" classname="LinearSolver" />
  </testsuite>
  <testsuite name="ResidualComputation" tests="1" failures="0" disabled="0" errors="0" time="0">
    <testcase name="HandlesResidualComputation" status="run" time="0" classname="ResidualComputation" />
  </testsuite>
  <testsuite name="AdaptedSolvingSystemA" tests="1" failures="0" disabled="0" errors="0" time="15.381">
    <testcase name="HandlerAprioriSystemA" status="run" time="15.381" classname="AdaptedSolvingSystemA" />
  </testsuite>
</testsuites>
