<?xml version="1.0" encoding="UTF-8"?>
<testsuites tests="3" failures="0" disabled="0" errors="0" timestamp="2017-01-23T13:58:00" time="0.651" name="AllTests">
  <testsuite name="LinearSolver" tests="1" failures="0" disabled="0" errors="0" time="0.02">
    <testcase name="HandlesLinearSolver" status="run" time="0.02" classname="LinearSolver" />
  </testsuite>
  <testsuite name="ResidualComputation" tests="1" failures="0" disabled="0" errors="0" time="0">
    <testcase name="HandlesResidualComputation" status="run" time="0" classname="ResidualComputation" />
  </testsuite>
  <testsuite name="AdaptedSolvingSystemA" tests="1" failures="0" disabled="0" errors="0" time="0.631">
    <testcase name="HandlerAprioriSystemA" status="run" time="0.631" classname="AdaptedSolvingSystemA" />
  </testsuite>
</testsuites>
