<?xml version="1.0" encoding="UTF-8"?>
<testsuites tests="3" failures="1" disabled="0" errors="0" timestamp="2017-02-05T17:29:12" time="110.742" name="AllTests">
  <testsuite name="LinearSolver" tests="1" failures="0" disabled="0" errors="0" time="0.052">
    <testcase name="HandlesLinearSolver" status="run" time="0.051" classname="LinearSolver" />
  </testsuite>
  <testsuite name="ResidualComputation" tests="1" failures="0" disabled="0" errors="0" time="0">
    <testcase name="HandlesResidualComputation" status="run" time="0" classname="ResidualComputation" />
  </testsuite>
  <testsuite name="SquareCavityG45" tests="1" failures="1" disabled="0" errors="0" time="110.69">
    <testcase name="SquareCavityG45" status="run" time="110.69" classname="SquareCavityG45">
      <failure message="unknown file&#x0A;Unknown C++ exception thrown in the test body." type=""><![CDATA[unknown file
Unknown C++ exception thrown in the test body.]]></failure>
    </testcase>
  </testsuite>
</testsuites>
