<?xml version="1.0" encoding="UTF-8"?>
<testsuites tests="6" failures="0" disabled="0" errors="0" timestamp="2016-12-06T15:42:13" time="176.263" name="AllTests">
  <testsuite name="LinearSolver" tests="1" failures="0" disabled="0" errors="0" time="0.067">
    <testcase name="HandlesLinearSolver" status="run" time="0.067" classname="LinearSolver" />
  </testsuite>
  <testsuite name="FEValues" tests="1" failures="0" disabled="0" errors="0" time="0.079">
    <testcase name="HandlesFEValues" status="run" time="0.079" classname="FEValues" />
  </testsuite>
  <testsuite name="DofIndex" tests="1" failures="0" disabled="0" errors="0" time="0">
    <testcase name="HandlesDofIndex" status="run" time="0" classname="DofIndex" />
  </testsuite>
  <testsuite name="MassMatrix" tests="1" failures="0" disabled="0" errors="0" time="0.001">
    <testcase name="HandlesMassMatrix" status="run" time="0.001" classname="MassMatrix" />
  </testsuite>
  <testsuite name="FasterAssemblation" tests="1" failures="0" disabled="0" errors="0" time="0.006">
    <testcase name="TestFasterAssemblation" status="run" time="0.006" classname="FasterAssemblation" />
  </testsuite>
  <testsuite name="SquareCavityG26" tests="1" failures="0" disabled="0" errors="0" time="176.11">
    <testcase name="SquareCavityG26" status="run" time="176.109" classname="SquareCavityG26" />
  </testsuite>
</testsuites>
