<?xml version="1.0" encoding="UTF-8"?>
<testsuites tests="4" failures="0" disabled="0" errors="0" timestamp="2017-01-08T15:43:25" time="8.66" name="AllTests">
  <testsuite name="LinearSolver" tests="1" failures="0" disabled="0" errors="0" time="0.34">
    <testcase name="HandlesLinearSolver" status="run" time="0.34" classname="LinearSolver" />
  </testsuite>
  <testsuite name="ResidualComputation" tests="1" failures="0" disabled="0" errors="0" time="0">
    <testcase name="HandlesResidualComputation" status="run" time="0" classname="ResidualComputation" />
  </testsuite>
  <testsuite name="ChecksPeriodicGrid" tests="1" failures="0" disabled="0" errors="0" time="0.039">
    <testcase name="HandlesPeridicGrid" status="run" time="0.039" classname="ChecksPeriodicGrid" />
  </testsuite>
  <testsuite name="SquareCavityG84" tests="1" failures="0" disabled="0" errors="0" time="8.28">
    <testcase name="SquareCavityG84" status="run" time="8.28" classname="SquareCavityG84" />
  </testsuite>
</testsuites>
