<?xml version="1.0" encoding="UTF-8"?>
<testsuites tests="4" failures="0" disabled="0" errors="0" timestamp="2017-01-08T15:43:13" time="10.716" name="AllTests">
  <testsuite name="LinearSolver" tests="1" failures="0" disabled="0" errors="0" time="0.365">
    <testcase name="HandlesLinearSolver" status="run" time="0.365" classname="LinearSolver" />
  </testsuite>
  <testsuite name="ResidualComputation" tests="1" failures="0" disabled="0" errors="0" time="0.001">
    <testcase name="HandlesResidualComputation" status="run" time="0.001" classname="ResidualComputation" />
  </testsuite>
  <testsuite name="ChecksPeriodicGrid" tests="1" failures="0" disabled="0" errors="0" time="0.074">
    <testcase name="HandlesPeridicGrid" status="run" time="0.074" classname="ChecksPeriodicGrid" />
  </testsuite>
  <testsuite name="SquareCavityG84" tests="1" failures="0" disabled="0" errors="0" time="10.276">
    <testcase name="SquareCavityG84" status="run" time="10.276" classname="SquareCavityG84" />
  </testsuite>
</testsuites>
