<?xml version="1.0" encoding="UTF-8"?>
<testsuites tests="4" failures="0" disabled="0" errors="0" timestamp="2017-01-08T15:39:40" time="6.917" name="AllTests">
  <testsuite name="LinearSolver" tests="1" failures="0" disabled="0" errors="0" time="0.224">
    <testcase name="HandlesLinearSolver" status="run" time="0.223" classname="LinearSolver" />
  </testsuite>
  <testsuite name="ResidualComputation" tests="1" failures="0" disabled="0" errors="0" time="0">
    <testcase name="HandlesResidualComputation" status="run" time="0" classname="ResidualComputation" />
  </testsuite>
  <testsuite name="ChecksPeriodicGrid" tests="1" failures="0" disabled="0" errors="0" time="0.041">
    <testcase name="HandlesPeridicGrid" status="run" time="0.041" classname="ChecksPeriodicGrid" />
  </testsuite>
  <testsuite name="SquareCavityG71" tests="1" failures="0" disabled="0" errors="0" time="6.651">
    <testcase name="SquareCavityG71" status="run" time="6.65" classname="SquareCavityG71" />
  </testsuite>
</testsuites>
