<?xml version="1.0" encoding="UTF-8"?>
<testsuites tests="4" failures="0" disabled="0" errors="0" timestamp="2017-02-05T17:55:09" time="6.211" name="AllTests">
  <testsuite name="LinearSolver" tests="1" failures="0" disabled="0" errors="0" time="0.037">
    <testcase name="HandlesLinearSolver" status="run" time="0.037" classname="LinearSolver" />
  </testsuite>
  <testsuite name="ResidualComputation" tests="1" failures="0" disabled="0" errors="0" time="0.001">
    <testcase name="HandlesResidualComputation" status="run" time="0" classname="ResidualComputation" />
  </testsuite>
  <testsuite name="ChecksPeriodicGrid" tests="1" failures="0" disabled="0" errors="0" time="0.042">
    <testcase name="HandlesPeridicGrid" status="run" time="0.042" classname="ChecksPeriodicGrid" />
  </testsuite>
  <testsuite name="SquareCavityG71" tests="1" failures="0" disabled="0" errors="0" time="6.13">
    <testcase name="SquareCavityG71" status="run" time="6.13" classname="SquareCavityG71" />
  </testsuite>
</testsuites>
