<?xml version="1.0" encoding="UTF-8"?>
<testsuites tests="4" failures="1" disabled="0" errors="0" timestamp="2017-02-05T17:52:46" time="141.48" name="AllTests">
  <testsuite name="LinearSolver" tests="1" failures="0" disabled="0" errors="0" time="0.044">
    <testcase name="HandlesLinearSolver" status="run" time="0.044" classname="LinearSolver" />
  </testsuite>
  <testsuite name="ResidualComputation" tests="1" failures="0" disabled="0" errors="0" time="0">
    <testcase name="HandlesResidualComputation" status="run" time="0" classname="ResidualComputation" />
  </testsuite>
  <testsuite name="ChecksPeriodicGrid" tests="1" failures="0" disabled="0" errors="0" time="0.176">
    <testcase name="HandlesPeridicGrid" status="run" time="0.176" classname="ChecksPeriodicGrid" />
  </testsuite>
  <testsuite name="SquareCavityG71" tests="1" failures="1" disabled="0" errors="0" time="141.259">
    <testcase name="SquareCavityG71" status="run" time="141.259" classname="SquareCavityG71">
      <failure message="unknown file&#x0A;Unknown C++ exception thrown in the test body." type=""><![CDATA[unknown file
Unknown C++ exception thrown in the test body.]]></failure>
    </testcase>
  </testsuite>
</testsuites>
