<?xml version="1.0" encoding="UTF-8"?>
<testsuites tests="8" failures="0" disabled="0" errors="0" timestamp="2016-12-04T16:31:50" time="10.235" name="AllTests">
  <testsuite name="LinearSolver" tests="1" failures="0" disabled="0" errors="0" time="0.076">
    <testcase name="HandlesLinearSolver" status="run" time="0.076" classname="LinearSolver" />
  </testsuite>
  <testsuite name="FEValues" tests="1" failures="0" disabled="0" errors="0" time="0.019">
    <testcase name="HandlesFEValues" status="run" time="0.019" classname="FEValues" />
  </testsuite>
  <testsuite name="DofIndex" tests="1" failures="0" disabled="0" errors="0" time="0">
    <testcase name="HandlesDofIndex" status="run" time="0" classname="DofIndex" />
  </testsuite>
  <testsuite name="MassMatrix" tests="1" failures="0" disabled="0" errors="0" time="0.007">
    <testcase name="HandlesMassMatrix" status="run" time="0.007" classname="MassMatrix" />
  </testsuite>
  <testsuite name="FasterAssemblation" tests="1" failures="0" disabled="0" errors="0" time="0.002">
    <testcase name="TestFasterAssemblation" status="run" time="0.002" classname="FasterAssemblation" />
  </testsuite>
  <testsuite name="ExactSolutionPoissonHeatG26" tests="1" failures="0" disabled="0" errors="0" time="0.009">
    <testcase name="HandlesExactSolutionG26" status="run" time="0.009" classname="ExactSolutionPoissonHeatG26" />
  </testsuite>
  <testsuite name="GridRefinementPeriodicSquare" tests="1" failures="0" disabled="0" errors="0" time="0.008">
    <testcase name="HandlesRefinement" status="run" time="0.008" classname="GridRefinementPeriodicSquare" />
  </testsuite>
  <testsuite name="PoissonHeatG26" tests="1" failures="0" disabled="0" errors="0" time="10.113">
    <testcase name="HandlesPoissonHeatG26" status="run" time="10.112" classname="PoissonHeatG26" />
  </testsuite>
</testsuites>
